16.03.2023 22:01:18 [main] INFO  org.apache.log4j.chainsaw.Main  - Started main
16.03.2023 22:04:19 [main] INFO  org.apache.log4j.chainsaw.Main  - Started main
16.03.2023 22:05:15 [main] INFO  org.apache.log4j.chainsaw.Main  - Started main
16.03.2023 22:12:38 [main] INFO  org.apache.log4j.chainsaw.Main  - Started main
16.03.2023 22:14:54 [main] INFO  org.apache.log4j.chainsaw.Main  - Started main
16.03.2023 22:16:26 [main] INFO  org.apache.log4j.chainsaw.Main  - Started main
16.03.2023 22:19:39 [main] INFO  org.apache.log4j.chainsaw.Main  - Started main
16.03.2023 22:19:39 [main] DEBUG org.apache.log4j.chainsaw.Main  - Соединение...
16.03.2023 22:19:39 [main] ERROR org.apache.log4j.chainsaw.Main  - Ошибка при установке соединения!
16.03.2023 22:22:43 [main] INFO  org.apache.log4j.chainsaw.Main  - Started main
16.03.2023 22:22:43 [main] DEBUG org.apache.log4j.chainsaw.Main  - Соединение...
16.03.2023 22:22:43 [main] ERROR org.apache.log4j.chainsaw.Main  - Ошибка при установке соединения!
16.03.2023 22:23:47 [main] INFO  org.apache.log4j.chainsaw.Main  - Started main
16.03.2023 22:23:47 [main] DEBUG org.apache.log4j.chainsaw.Main  - Соединение...
16.03.2023 22:23:48 [main] INFO  org.apache.log4j.chainsaw.Main  - Соединено!
16.03.2023 22:24:01 [main] INFO  org.apache.log4j.chainsaw.Main  - Started main
16.03.2023 22:24:01 [main] DEBUG org.apache.log4j.chainsaw.Main  - Соединение...
16.03.2023 22:24:01 [main] INFO  org.apache.log4j.chainsaw.Main  - Соединено!
16.03.2023 22:24:02 [main] INFO  org.apache.log4j.chainsaw.Main  - Соединение закрыто!
16.03.2023 22:26:48 [main] INFO  org.apache.log4j.chainsaw.Main  - Started main
16.03.2023 22:26:48 [main] DEBUG org.apache.log4j.chainsaw.Main  - Соединение...
16.03.2023 22:26:49 [main] INFO  org.apache.log4j.chainsaw.Main  - Соединено!
16.03.2023 22:26:49 [main] INFO  org.apache.log4j.chainsaw.Main  - Соединение закрыто!
16.03.2023 22:41:37 [main] INFO  org.apache.log4j.chainsaw.Main  - Started main
16.03.2023 22:41:37 [main] DEBUG org.apache.log4j.chainsaw.Main  - Соединение...
16.03.2023 22:41:37 [main] INFO  org.apache.log4j.chainsaw.Main  - Соединено!
16.03.2023 22:41:37 [main] INFO  org.apache.log4j.chainsaw.Main  - Соединение закрыто!
16.03.2023 22:41:55 [main] INFO  org.apache.log4j.chainsaw.Main  - Started main
16.03.2023 22:41:55 [main] DEBUG org.apache.log4j.chainsaw.Main  - Соединение...
16.03.2023 22:41:56 [main] INFO  org.apache.log4j.chainsaw.Main  - Соединено!
16.03.2023 22:41:56 [main] INFO  org.apache.log4j.chainsaw.Main  - Соединение закрыто!
16.03.2023 22:42:13 [main] INFO  org.apache.log4j.chainsaw.Main  - Started main
16.03.2023 22:42:13 [main] DEBUG org.apache.log4j.chainsaw.Main  - Соединение...
16.03.2023 22:42:14 [main] INFO  org.apache.log4j.chainsaw.Main  - Соединено!
16.03.2023 22:42:14 [main] INFO  org.apache.log4j.chainsaw.Main  - Соединение закрыто!
16.03.2023 22:42:23 [main] INFO  org.apache.log4j.chainsaw.Main  - Started main
16.03.2023 22:42:23 [main] DEBUG org.apache.log4j.chainsaw.Main  - Соединение...
16.03.2023 22:42:23 [main] INFO  org.apache.log4j.chainsaw.Main  - Соединено!
16.03.2023 22:42:23 [main] INFO  org.apache.log4j.chainsaw.Main  - Соединение закрыто!
16.03.2023 22:42:31 [main] INFO  org.apache.log4j.chainsaw.Main  - Started main
16.03.2023 22:42:31 [main] DEBUG org.apache.log4j.chainsaw.Main  - Соединение...
16.03.2023 22:42:31 [main] INFO  org.apache.log4j.chainsaw.Main  - Соединено!
16.03.2023 22:42:31 [main] INFO  org.apache.log4j.chainsaw.Main  - Соединение закрыто!
16.03.2023 22:43:34 [main] INFO  org.apache.log4j.chainsaw.Main  - Started main
16.03.2023 22:43:34 [main] DEBUG org.apache.log4j.chainsaw.Main  - Соединение...
16.03.2023 22:43:34 [main] INFO  org.apache.log4j.chainsaw.Main  - Соединено!
16.03.2023 22:43:34 [main] INFO  org.apache.log4j.chainsaw.Main  - Соединение закрыто!
16.03.2023 22:43:59 [main] INFO  org.apache.log4j.chainsaw.Main  - Started main
16.03.2023 22:43:59 [main] DEBUG org.apache.log4j.chainsaw.Main  - Соединение...
16.03.2023 22:44:00 [main] INFO  org.apache.log4j.chainsaw.Main  - Соединено!
16.03.2023 22:44:00 [main] INFO  org.apache.log4j.chainsaw.Main  - Соединение закрыто!
16.03.2023 22:45:43 [main] INFO  org.apache.log4j.chainsaw.Main  - Started main
16.03.2023 22:45:43 [main] DEBUG org.apache.log4j.chainsaw.Main  - Соединение...
16.03.2023 22:45:43 [main] INFO  org.apache.log4j.chainsaw.Main  - Соединено!
16.03.2023 22:45:43 [main] INFO  org.apache.log4j.chainsaw.Main  - Соединение закрыто!
16.03.2023 22:46:20 [main] INFO  org.apache.log4j.chainsaw.Main  - Started main
16.03.2023 22:46:20 [main] DEBUG org.apache.log4j.chainsaw.Main  - Соединение...
16.03.2023 22:46:21 [main] INFO  org.apache.log4j.chainsaw.Main  - Соединено!
16.03.2023 22:46:21 [main] INFO  org.apache.log4j.chainsaw.Main  - Соединение закрыто!
16.03.2023 22:46:37 [main] INFO  org.apache.log4j.chainsaw.Main  - Started main
16.03.2023 22:46:37 [main] DEBUG org.apache.log4j.chainsaw.Main  - Соединение...
16.03.2023 22:46:38 [main] INFO  org.apache.log4j.chainsaw.Main  - Соединено!
16.03.2023 22:46:38 [main] INFO  org.apache.log4j.chainsaw.Main  - Соединение закрыто!
16.03.2023 22:47:34 [main] INFO  org.apache.log4j.chainsaw.Main  - Started main
16.03.2023 22:47:34 [main] DEBUG org.apache.log4j.chainsaw.Main  - Соединение...
16.03.2023 22:47:34 [main] INFO  org.apache.log4j.chainsaw.Main  - Соединено!
16.03.2023 22:47:34 [main] INFO  org.apache.log4j.chainsaw.Main  - Соединение закрыто!
16.03.2023 22:47:48 [main] INFO  org.apache.log4j.chainsaw.Main  - Started main
16.03.2023 22:47:48 [main] DEBUG org.apache.log4j.chainsaw.Main  - Соединение...
16.03.2023 22:47:48 [main] INFO  org.apache.log4j.chainsaw.Main  - Соединено!
16.03.2023 22:47:48 [main] INFO  org.apache.log4j.chainsaw.Main  - Соединение закрыто!
16.03.2023 22:49:05 [main] INFO  org.apache.log4j.chainsaw.Main  - Started main
16.03.2023 22:49:05 [main] DEBUG org.apache.log4j.chainsaw.Main  - Соединение...
16.03.2023 22:49:06 [main] INFO  org.apache.log4j.chainsaw.Main  - Соединено!
16.03.2023 22:49:06 [main] INFO  org.apache.log4j.chainsaw.Main  - Соединение закрыто!
16.03.2023 23:22:38 [main] INFO  org.apache.log4j.chainsaw.Main  - Started main
16.03.2023 23:22:38 [main] DEBUG org.apache.log4j.chainsaw.Main  - Соединение...
16.03.2023 23:22:39 [main] INFO  org.apache.log4j.chainsaw.Main  - Соединено!
16.03.2023 23:22:39 [main] ERROR org.apache.log4j.chainsaw.Main  - Ошибка в транзакции!
16.03.2023 23:22:39 [main] INFO  org.apache.log4j.chainsaw.Main  - Соединение закрыто!
16.03.2023 23:23:37 [main] INFO  org.apache.log4j.chainsaw.Main  - Started main
16.03.2023 23:23:37 [main] DEBUG org.apache.log4j.chainsaw.Main  - Соединение...
16.03.2023 23:23:38 [main] INFO  org.apache.log4j.chainsaw.Main  - Соединено!
16.03.2023 23:23:38 [main] INFO  org.apache.log4j.chainsaw.Main  - Соединение закрыто!
16.03.2023 23:25:08 [main] INFO  org.apache.log4j.chainsaw.Main  - Started main
16.03.2023 23:25:08 [main] DEBUG org.apache.log4j.chainsaw.Main  - Соединение...
16.03.2023 23:25:08 [main] INFO  org.apache.log4j.chainsaw.Main  - Соединено!
16.03.2023 23:25:08 [main] INFO  org.apache.log4j.chainsaw.Main  - Соединение закрыто!
16.03.2023 23:25:45 [main] INFO  org.apache.log4j.chainsaw.Main  - Started main
16.03.2023 23:25:45 [main] DEBUG org.apache.log4j.chainsaw.Main  - Соединение...
16.03.2023 23:25:46 [main] INFO  org.apache.log4j.chainsaw.Main  - Соединено!
16.03.2023 23:25:46 [main] INFO  org.apache.log4j.chainsaw.Main  - Соединение закрыто!
16.03.2023 23:26:04 [main] INFO  org.apache.log4j.chainsaw.Main  - Started main
16.03.2023 23:26:04 [main] DEBUG org.apache.log4j.chainsaw.Main  - Соединение...
16.03.2023 23:26:05 [main] INFO  org.apache.log4j.chainsaw.Main  - Соединено!
16.03.2023 23:26:05 [main] INFO  org.apache.log4j.chainsaw.Main  - Соединение закрыто!
16.03.2023 23:26:53 [main] INFO  org.apache.log4j.chainsaw.Main  - Started main
16.03.2023 23:26:53 [main] DEBUG org.apache.log4j.chainsaw.Main  - Соединение...
16.03.2023 23:26:53 [main] INFO  org.apache.log4j.chainsaw.Main  - Соединено!
16.03.2023 23:26:53 [main] INFO  org.apache.log4j.chainsaw.Main  - Соединение закрыто!
16.03.2023 23:27:18 [main] INFO  org.apache.log4j.chainsaw.Main  - Started main
16.03.2023 23:27:18 [main] DEBUG org.apache.log4j.chainsaw.Main  - Соединение...
16.03.2023 23:27:18 [main] INFO  org.apache.log4j.chainsaw.Main  - Соединено!
16.03.2023 23:27:18 [main] INFO  org.apache.log4j.chainsaw.Main  - Соединение закрыто!
16.03.2023 23:30:31 [main] INFO  org.apache.log4j.chainsaw.Main  - Started main
16.03.2023 23:30:31 [main] DEBUG org.apache.log4j.chainsaw.Main  - Соединение...
16.03.2023 23:30:32 [main] INFO  org.apache.log4j.chainsaw.Main  - Соединено!
16.03.2023 23:30:32 [main] ERROR org.apache.log4j.chainsaw.Main  - Ошибка при выполнении запроса
16.03.2023 23:30:32 [main] INFO  org.apache.log4j.chainsaw.Main  - Соединение закрыто!
16.03.2023 23:31:54 [main] INFO  org.apache.log4j.chainsaw.Main  - Started main
16.03.2023 23:31:54 [main] DEBUG org.apache.log4j.chainsaw.Main  - Соединение...
16.03.2023 23:31:54 [main] INFO  org.apache.log4j.chainsaw.Main  - Соединено!
16.03.2023 23:31:55 [main] INFO  org.apache.log4j.chainsaw.Main  - Соединение закрыто!
16.03.2023 23:32:56 [main] INFO  org.apache.log4j.chainsaw.Main  - Started main
16.03.2023 23:32:56 [main] DEBUG org.apache.log4j.chainsaw.Main  - Соединение...
16.03.2023 23:32:57 [main] INFO  org.apache.log4j.chainsaw.Main  - Соединено!
16.03.2023 23:32:57 [main] INFO  org.apache.log4j.chainsaw.Main  - Соединение закрыто!
16.03.2023 23:33:10 [main] INFO  org.apache.log4j.chainsaw.Main  - Started main
16.03.2023 23:33:10 [main] DEBUG org.apache.log4j.chainsaw.Main  - Соединение...
16.03.2023 23:33:11 [main] INFO  org.apache.log4j.chainsaw.Main  - Соединено!
16.03.2023 23:33:11 [main] INFO  org.apache.log4j.chainsaw.Main  - Соединение закрыто!
