23.03.2023 12:20:10 [main] INFO  Main  - Starting program
23.03.2023 12:20:10 [main] INFO  by.belstu.Lab03.Company.Company  - Добавлен сотрудник
23.03.2023 12:20:10 [main] INFO  by.belstu.Lab03.Company.Company  - Добавлен сотрудник
23.03.2023 12:20:10 [main] INFO  by.belstu.Lab03.Company.Company  - Добавлен сотрудник
23.03.2023 12:20:10 [main] INFO  by.belstu.Lab03.Company.Company  - Добавлен сотрудник
23.03.2023 12:20:10 [main] INFO  by.belstu.Lab03.Company.Company  - Добавлен сотрудник
23.03.2023 12:20:10 [main] INFO  by.belstu.Lab03.Company.Company  - Пересчет сотрудников
23.03.2023 12:20:11 [main] INFO  by.belstu.Lab03.Company.Company  - Поиск по опыту работы
23.03.2023 12:20:11 [main] INFO  by.belstu.Lab03.Company.Company  - Сортировка по зарплате
23.03.2023 22:08:16 [main] INFO  Main  - Starting program
23.03.2023 22:08:16 [main] INFO  by.belstu.Lab03.Company.Company  - Добавлен сотрудник
23.03.2023 22:08:16 [main] INFO  by.belstu.Lab03.Company.Company  - Добавлен сотрудник
23.03.2023 22:08:16 [main] INFO  by.belstu.Lab03.Company.Company  - Добавлен сотрудник
23.03.2023 22:08:16 [main] INFO  by.belstu.Lab03.Company.Company  - Добавлен сотрудник
23.03.2023 22:08:16 [main] INFO  by.belstu.Lab03.Company.Company  - Добавлен сотрудник
23.03.2023 22:08:16 [main] INFO  by.belstu.Lab03.Company.Company  - Пересчет сотрудников
23.03.2023 22:08:16 [main] INFO  by.belstu.Lab03.Company.Company  - Поиск по опыту работы
23.03.2023 22:08:16 [main] INFO  by.belstu.Lab03.Company.Company  - Сортировка по зарплате
23.03.2023 22:12:46 [main] INFO  Main  - Starting program
23.03.2023 22:12:46 [main] INFO  by.belstu.Lab03.Company.Company  - Добавлен сотрудник
23.03.2023 22:12:46 [main] INFO  by.belstu.Lab03.Company.Company  - Добавлен сотрудник
23.03.2023 22:12:46 [main] INFO  by.belstu.Lab03.Company.Company  - Добавлен сотрудник
23.03.2023 22:12:46 [main] INFO  by.belstu.Lab03.Company.Company  - Добавлен сотрудник
23.03.2023 22:12:46 [main] INFO  by.belstu.Lab03.Company.Company  - Добавлен сотрудник
23.03.2023 22:12:46 [main] INFO  by.belstu.Lab03.Company.Company  - Пересчет сотрудников
23.03.2023 22:13:50 [main] INFO  Main  - Starting program
23.03.2023 22:13:50 [main] INFO  by.belstu.Lab03.Company.Company  - Добавлен сотрудник
23.03.2023 22:13:50 [main] INFO  by.belstu.Lab03.Company.Company  - Добавлен сотрудник
23.03.2023 22:13:50 [main] INFO  by.belstu.Lab03.Company.Company  - Добавлен сотрудник
23.03.2023 22:13:50 [main] INFO  by.belstu.Lab03.Company.Company  - Добавлен сотрудник
23.03.2023 22:13:50 [main] INFO  by.belstu.Lab03.Company.Company  - Добавлен сотрудник
23.03.2023 22:13:50 [main] INFO  by.belstu.Lab03.Company.Company  - Пересчет сотрудников
23.03.2023 22:13:50 [main] INFO  by.belstu.Lab03.Company.Company  - Поиск по опыту работы
23.03.2023 22:13:50 [main] INFO  by.belstu.Lab03.Company.Company  - Сортировка по зарплате
23.03.2023 22:14:41 [main] INFO  Main  - Starting program
23.03.2023 22:14:41 [main] INFO  by.belstu.Lab03.Company.Company  - Добавлен сотрудник
23.03.2023 22:14:41 [main] INFO  by.belstu.Lab03.Company.Company  - Добавлен сотрудник
23.03.2023 22:14:41 [main] INFO  by.belstu.Lab03.Company.Company  - Добавлен сотрудник
23.03.2023 22:14:41 [main] INFO  by.belstu.Lab03.Company.Company  - Добавлен сотрудник
23.03.2023 22:14:41 [main] INFO  by.belstu.Lab03.Company.Company  - Добавлен сотрудник
23.03.2023 22:14:41 [main] INFO  by.belstu.Lab03.Company.Company  - Пересчет сотрудников
23.03.2023 22:14:41 [main] INFO  by.belstu.Lab03.Company.Company  - Поиск по опыту работы
23.03.2023 22:14:41 [main] INFO  by.belstu.Lab03.Company.Company  - Сортировка по зарплате
23.03.2023 22:14:54 [main] INFO  Main  - Starting program
23.03.2023 22:14:54 [main] INFO  by.belstu.Lab03.Company.Company  - Добавлен сотрудник
23.03.2023 22:14:54 [main] INFO  by.belstu.Lab03.Company.Company  - Добавлен сотрудник
23.03.2023 22:14:54 [main] INFO  by.belstu.Lab03.Company.Company  - Добавлен сотрудник
23.03.2023 22:14:54 [main] INFO  by.belstu.Lab03.Company.Company  - Добавлен сотрудник
23.03.2023 22:14:54 [main] INFO  by.belstu.Lab03.Company.Company  - Добавлен сотрудник
23.03.2023 22:14:54 [main] INFO  by.belstu.Lab03.Company.Company  - Пересчет сотрудников
23.03.2023 22:14:54 [main] INFO  by.belstu.Lab03.Company.Company  - Поиск по опыту работы
23.03.2023 22:14:54 [main] INFO  by.belstu.Lab03.Company.Company  - Сортировка по зарплате
